<?xml version="1.0" encoding="UTF-8"?>
<robot generator="Robot 7.2.2 (Python 3.13.2 on win32)" generated="2025-03-29T11:09:27.266148" rpa="false" schemaversion="5">
<suite id="s1" name="Test Cases" source="C:\Users\Жасмин\PycharmProjects\RobotTest\tests\test_cases.robot">
<test id="s1-t1" name="TC1" line="5">
<kw name="Sign Up Test" owner="resources">
<kw name="Open Browser" owner="SeleniumLibrary">
<msg time="2025-03-29T11:09:27.487561" level="INFO">Opening browser 'chrome' to base url 'https://www.demoblaze.com'.</msg>
<arg>${BASE_URL}</arg>
<arg>${BROWSER}</arg>
<doc>Opens a new browser instance to the optional ``url``.</doc>
<status status="PASS" start="2025-03-29T11:09:27.487316" elapsed="2.587095"/>
</kw>
<kw name="Click Element" owner="SeleniumLibrary">
<msg time="2025-03-29T11:09:30.074972" level="INFO">Clicking element '//a[text()='Sign up']'.</msg>
<arg>${SIGNUP_BUTTON}</arg>
<doc>Click the element identified by ``locator``.</doc>
<status status="PASS" start="2025-03-29T11:09:30.074619" elapsed="0.063868"/>
</kw>
<kw name="Sleep" owner="BuiltIn">
<msg time="2025-03-29T11:09:32.138986" level="INFO">Slept 2 seconds.</msg>
<arg>2s</arg>
<doc>Pauses the test executed for the given time.</doc>
<status status="PASS" start="2025-03-29T11:09:30.138673" elapsed="2.000409"/>
</kw>
<kw name="Input Text" owner="SeleniumLibrary">
<msg time="2025-03-29T11:09:32.139483" level="INFO">Typing text 'Student9' into text field 'id=sign-username'.</msg>
<arg>${SIGNUP_USERNAME}</arg>
<arg>${USERNAME}</arg>
<doc>Types the given ``text`` into the text field identified by ``locator``.</doc>
<status status="PASS" start="2025-03-29T11:09:32.139239" elapsed="0.079819"/>
</kw>
<kw name="Input Text" owner="SeleniumLibrary">
<msg time="2025-03-29T11:09:32.219548" level="INFO">Typing text 'student9' into text field 'id=sign-password'.</msg>
<arg>${SIGNUP_PASSWORD}</arg>
<arg>${PASSWORD}</arg>
<doc>Types the given ``text`` into the text field identified by ``locator``.</doc>
<status status="PASS" start="2025-03-29T11:09:32.219278" elapsed="0.073038"/>
</kw>
<kw name="Click Element" owner="SeleniumLibrary">
<msg time="2025-03-29T11:09:32.292806" level="INFO">Clicking element '//button[text()='Sign up']'.</msg>
<arg>${SIGNUP_CONFIRM_BUTTON}</arg>
<doc>Click the element identified by ``locator``.</doc>
<status status="PASS" start="2025-03-29T11:09:32.292522" elapsed="0.054746"/>
</kw>
<kw name="Sleep" owner="BuiltIn">
<msg time="2025-03-29T11:09:35.348442" level="INFO">Slept 3 seconds.</msg>
<arg>3s</arg>
<doc>Pauses the test executed for the given time.</doc>
<status status="PASS" start="2025-03-29T11:09:32.347435" elapsed="3.001346"/>
</kw>
<kw name="Handle Alert" owner="SeleniumLibrary">
<msg time="2025-03-29T11:09:35.349827" level="INFO">HANDLE::&lt;class 'NoneType'&gt;::None</msg>
<arg>ACCEPT</arg>
<doc>Handles the current alert and returns its message.</doc>
<status status="PASS" start="2025-03-29T11:09:35.349335" elapsed="0.016774"/>
</kw>
<status status="PASS" start="2025-03-29T11:09:27.486476" elapsed="7.880226"/>
</kw>
<status status="PASS" start="2025-03-29T11:09:27.485770" elapsed="7.882102"/>
</test>
<test id="s1-t2" name="TC2" line="8">
<kw name="Log In Test" owner="resources">
<kw name="Click Element" owner="SeleniumLibrary">
<msg time="2025-03-29T11:09:35.373015" level="INFO">Clicking element '//a[text()='Log in']'.</msg>
<arg>${LOGIN_BUTTON}</arg>
<doc>Click the element identified by ``locator``.</doc>
<status status="PASS" start="2025-03-29T11:09:35.372701" elapsed="0.069395"/>
</kw>
<kw name="Sleep" owner="BuiltIn">
<msg time="2025-03-29T11:09:37.443310" level="INFO">Slept 2 seconds.</msg>
<arg>2s</arg>
<doc>Pauses the test executed for the given time.</doc>
<status status="PASS" start="2025-03-29T11:09:35.442331" elapsed="2.001340"/>
</kw>
<kw name="Input Text" owner="SeleniumLibrary">
<msg time="2025-03-29T11:09:37.445263" level="INFO">Typing text 'Student9' into text field 'id=loginusername'.</msg>
<arg>${LOGIN_USERNAME}</arg>
<arg>${USERNAME}</arg>
<doc>Types the given ``text`` into the text field identified by ``locator``.</doc>
<status status="PASS" start="2025-03-29T11:09:37.444280" elapsed="0.093931"/>
</kw>
<kw name="Input Text" owner="SeleniumLibrary">
<msg time="2025-03-29T11:09:37.538612" level="INFO">Typing text 'student9' into text field 'id=loginpassword'.</msg>
<arg>${LOGIN_PASSWORD}</arg>
<arg>${PASSWORD}</arg>
<doc>Types the given ``text`` into the text field identified by ``locator``.</doc>
<status status="PASS" start="2025-03-29T11:09:37.538380" elapsed="0.069386"/>
</kw>
<kw name="Click Element" owner="SeleniumLibrary">
<msg time="2025-03-29T11:09:37.608153" level="INFO">Clicking element '//button[text()='Log in']'.</msg>
<arg>${LOGIN_CONFIRM_BUTTON}</arg>
<doc>Click the element identified by ``locator``.</doc>
<status status="PASS" start="2025-03-29T11:09:37.607944" elapsed="0.052478"/>
</kw>
<kw name="Sleep" owner="BuiltIn">
<msg time="2025-03-29T11:09:41.661851" level="INFO">Slept 4 seconds.</msg>
<arg>4s</arg>
<doc>Pauses the test executed for the given time.</doc>
<status status="PASS" start="2025-03-29T11:09:37.660640" elapsed="4.001534"/>
</kw>
<kw name="Page Should Contain Element" owner="SeleniumLibrary">
<msg time="2025-03-29T11:09:41.677190" level="INFO">Current page contains element '//a[contains(text(),'Welcome')]'.</msg>
<arg>${LOGIN_WELCOME_TEXT}</arg>
<doc>Verifies that element ``locator`` is found on the current page.</doc>
<status status="PASS" start="2025-03-29T11:09:41.662779" elapsed="0.014500"/>
</kw>
<status status="PASS" start="2025-03-29T11:09:35.372177" elapsed="6.305204"/>
</kw>
<status status="PASS" start="2025-03-29T11:09:35.370667" elapsed="6.307023"/>
</test>
<test id="s1-t3" name="TC3" line="11">
<kw name="Log Out Test" owner="resources">
<kw name="Click Element" owner="SeleniumLibrary">
<msg time="2025-03-29T11:09:41.679354" level="INFO">Clicking element '//a[text()='Log out']'.</msg>
<arg>${LOGOUT_BUTTON}</arg>
<doc>Click the element identified by ``locator``.</doc>
<status status="PASS" start="2025-03-29T11:09:41.679152" elapsed="1.264557"/>
</kw>
<kw name="Sleep" owner="BuiltIn">
<msg time="2025-03-29T11:09:44.944792" level="INFO">Slept 2 seconds.</msg>
<arg>2s</arg>
<doc>Pauses the test executed for the given time.</doc>
<status status="PASS" start="2025-03-29T11:09:42.943875" elapsed="2.001270"/>
</kw>
<kw name="Page Should Contain" owner="SeleniumLibrary">
<msg time="2025-03-29T11:09:44.982476" level="INFO">Current page contains text 'Log in'.</msg>
<arg>Log in</arg>
<doc>Verifies that current page contains ``text``.</doc>
<status status="PASS" start="2025-03-29T11:09:44.945752" elapsed="0.036812"/>
</kw>
<kw name="Close Browser" owner="SeleniumLibrary">
<doc>Closes the current browser.</doc>
<status status="PASS" start="2025-03-29T11:09:44.982704" elapsed="2.112190"/>
</kw>
<status status="PASS" start="2025-03-29T11:09:41.678860" elapsed="5.416253"/>
</kw>
<status status="PASS" start="2025-03-29T11:09:41.678415" elapsed="5.417234"/>
</test>
<status status="PASS" start="2025-03-29T11:09:27.267243" elapsed="19.829926"/>
</suite>
<statistics>
<total>
<stat pass="3" fail="0" skip="0">All Tests</stat>
</total>
<tag>
</tag>
<suite>
<stat name="Test Cases" id="s1" pass="3" fail="0" skip="0">Test Cases</stat>
</suite>
</statistics>
<errors>
</errors>
</robot>
